<?xml version="1.0" encoding="UTF-8"?>
<!-- Generated by org.testng.reporters.JUnitReportReporter -->
<testsuite skipped="0" hostname="DESKTOP-HN4067J" name="com.sdet.TC_Login" tests="1" failures="0" timestamp="2021-12-26T11:57:19 IST" time="5.568" errors="0">
  <testcase name="login_test" time="5.568" classname="com.sdet.TC_Login"/>
  <system-out/>
</testsuite> <!-- com.sdet.TC_Login -->
