<?xml version="1.0" encoding="UTF-8"?>
<!-- Generated by org.testng.reporters.JUnitReportReporter -->
<testsuite skipped="0" hostname="DESKTOP-HN4067J" name="com.sdet.AppTest" tests="2" failures="0" timestamp="2021-12-26T13:27:30 IST" time="0.013" errors="0">
  <testcase name="testLogin1" time="0.013" classname="com.sdet.AppTest"/>
  <system-out/>
  <testcase name="testLogin2" time="0.000" classname="com.sdet.AppTest"/>
  <system-out/>
</testsuite> <!-- com.sdet.AppTest -->
